Latihan/app/build/intermediates/manifest_merge_blame_file/debug/processDebugMainManifest/manifest-merger-blame-debug-report.txt
1<?xml version="1.0" encoding="utf-8"?>
2<manifest xmlns:android="http://schemas.android.com/apk/res/android"
3    package="com.example.latihan"
4    android:versionCode="1"
5    android:versionName="1.0" >
6
7    <uses-sdk
8        android:minSdkVersion="24"
9        android:targetSdkVersion="36" />
10
11    <uses-permission android:name="android.permission.INTERNET" />
11-->[com.google.firebase:firebase-auth:24.0.1] AndroidManifest.xml:25:5-67
11-->[com.google.firebase:firebase-auth:24.0.1] AndroidManifest.xml:25:22-64
12    <uses-permission android:name="android.permission.ACCESS_NETWORK_STATE" />
12-->[com.google.firebase:firebase-auth:24.0.1] AndroidManifest.xml:26:5-79
12-->[com.google.firebase:firebase-auth:24.0.1] AndroidManifest.xml:26:22-76
13    <uses-permission android:name="android.permission.USE_BIOMETRIC" /> <!-- suppress DeprecatedClassUsageInspection -->
13-->[androidx.biometric:biometric:1.1.0] AndroidManifest.xml:24:5-72
13-->[androidx.biometric:biometric:1.1.0] AndroidManifest.xml:24:22-69
14    <uses-permission android:name="android.permission.USE_FINGERPRINT" />
14-->[androidx.biometric:biometric:1.1.0] AndroidManifest.xml:27:5-74
14-->[androidx.biometric:biometric:1.1.0] AndroidManifest.xml:27:22-71
15    <uses-permission android:name="com.google.android.providers.gsf.permission.READ_GSERVICES" />
15-->[com.google.android.recaptcha:recaptcha:18.6.1] AndroidManifest.xml:9:5-98
15-->[com.google.android.recaptcha:recaptcha:18.6.1] AndroidManifest.xml:9:22-95
16
17    <permission
17-->[androidx.core:core:1.17.0] AndroidManifest.xml:22:5-24:47
18        android:name="com.example.latihan.DYNAMIC_RECEIVER_NOT_EXPORTED_PERMISSION"
18-->[androidx.core:core:1.17.0] AndroidManifest.xml:23:9-81
19        android:protectionLevel="signature" />
19-->[androidx.core:core:1.17.0] AndroidManifest.xml:24:9-44
20
21    <uses-permission android:name="com.example.latihan.DYNAMIC_RECEIVER_NOT_EXPORTED_PERMISSION" />
21-->[androidx.core:core:1.17.0] AndroidManifest.xml:26:5-97
21-->[androidx.core:core:1.17.0] AndroidManifest.xml:26:22-94
22
23    <application
23-->src\main\AndroidManifest.xml:5:5-25:19
24        android:allowBackup="true"
24-->src\main\AndroidManifest.xml:6:9-35
25        android:appComponentFactory="androidx.core.app.CoreComponentFactory"
25-->[androidx.core:core:1.17.0] AndroidManifest.xml:28:18-86
26        android:dataExtractionRules="@xml/data_extraction_rules"
26-->src\main\AndroidManifest.xml:7:9-65
27        android:debuggable="true"
28        android:extractNativeLibs="false"
29        android:fullBackupContent="@xml/backup_rules"
29-->src\main\AndroidManifest.xml:8:9-54
30        android:icon="@mipmap/ic_launcher"
30-->src\main\AndroidManifest.xml:9:9-43
31        android:label="@string/app_name"
31-->src\main\AndroidManifest.xml:10:9-41
32        android:roundIcon="@mipmap/ic_launcher_round"
32-->src\main\AndroidManifest.xml:11:9-54
33        android:supportsRtl="true"
33-->src\main\AndroidManifest.xml:12:9-35
34        android:testOnly="true"
35        android:theme="@style/Theme.Latihan" >
35-->src\main\AndroidManifest.xml:13:9-45
36        <activity
36-->src\main\AndroidManifest.xml:14:9-24:20
37            android:name="com.example.latihan.MainActivity"
37-->src\main\AndroidManifest.xml:15:13-41
38            android:exported="true"
38-->src\main\AndroidManifest.xml:16:13-36
39            android:label="@string/app_name"
39-->src\main\AndroidManifest.xml:17:13-45
40            android:theme="@style/Theme.Latihan" >
40-->src\main\AndroidManifest.xml:18:13-49
41            <intent-filter>
41-->src\main\AndroidManifest.xml:19:13-23:29
42                <action android:name="android.intent.action.MAIN" />
42-->src\main\AndroidManifest.xml:20:17-69
42-->src\main\AndroidManifest.xml:20:25-66
43
44                <category android:name="android.intent.category.LAUNCHER" />
44-->src\main\AndroidManifest.xml:22:17-77
44-->src\main\AndroidManifest.xml:22:27-74
45            </intent-filter>
46        </activity>
47        <activity
47-->[com.google.firebase:firebase-auth:24.0.1] AndroidManifest.xml:29:9-46:20
48            android:name="com.google.firebase.auth.internal.GenericIdpActivity"
48-->[com.google.firebase:firebase-auth:24.0.1] AndroidManifest.xml:30:13-80
49            android:excludeFromRecents="true"
49-->[com.google.firebase:firebase-auth:24.0.1] AndroidManifest.xml:31:13-46
50            android:exported="true"
50-->[com.google.firebase:firebase-auth:24.0.1] AndroidManifest.xml:32:13-36
51            android:launchMode="singleTask"
51-->[com.google.firebase:firebase-auth:24.0.1] AndroidManifest.xml:33:13-44
52            android:theme="@android:style/Theme.Translucent.NoTitleBar" >
52-->[com.google.firebase:firebase-auth:24.0.1] AndroidManifest.xml:34:13-72
53            <intent-filter>
53-->[com.google.firebase:firebase-auth:24.0.1] AndroidManifest.xml:35:13-45:29
54                <action android:name="android.intent.action.VIEW" />
54-->[com.google.firebase:firebase-auth:24.0.1] AndroidManifest.xml:36:17-69
54-->[com.google.firebase:firebase-auth:24.0.1] AndroidManifest.xml:36:25-66
55
56                <category android:name="android.intent.category.DEFAULT" />
56-->[com.google.firebase:firebase-auth:24.0.1] AndroidManifest.xml:38:17-76
56-->[com.google.firebase:firebase-auth:24.0.1] AndroidManifest.xml:38:27-73
57                <category android:name="android.intent.category.BROWSABLE" />
57-->[com.google.firebase:firebase-auth:24.0.1] AndroidManifest.xml:39:17-78
57-->[com.google.firebase:firebase-auth:24.0.1] AndroidManifest.xml:39:27-75
58
59                <data
59-->[com.google.firebase:firebase-auth:24.0.1] AndroidManifest.xml:41:17-44:51
60                    android:host="firebase.auth"
60-->[com.google.firebase:firebase-auth:24.0.1] AndroidManifest.xml:42:21-49
61                    android:path="/"
61-->[com.google.firebase:firebase-auth:24.0.1] AndroidManifest.xml:43:21-37
62                    android:scheme="genericidp" />
62-->[com.google.firebase:firebase-auth:24.0.1] AndroidManifest.xml:44:21-48
63            </intent-filter>
64        </activity>
65        <activity
65-->[com.google.firebase:firebase-auth:24.0.1] AndroidManifest.xml:47:9-64:20
66            android:name="com.google.firebase.auth.internal.RecaptchaActivity"
66-->[com.google.firebase:firebase-auth:24.0.1] AndroidManifest.xml:48:13-79
67            android:excludeFromRecents="true"
67-->[com.google.firebase:firebase-auth:24.0.1] AndroidManifest.xml:49:13-46
68            android:exported="true"
68-->[com.google.firebase:firebase-auth:24.0.1] AndroidManifest.xml:50:13-36
69            android:launchMode="singleTask"
69-->[com.google.firebase:firebase-auth:24.0.1] AndroidManifest.xml:51:13-44
70            android:theme="@android:style/Theme.Translucent.NoTitleBar" >
70-->[com.google.firebase:firebase-auth:24.0.1] AndroidManifest.xml:52:13-72
71            <intent-filter>
71-->[com.google.firebase:firebase-auth:24.0.1] AndroidManifest.xml:53:13-63:29
72                <action android:name="android.intent.action.VIEW" />
72-->[com.google.firebase:firebase-auth:24.0.1] AndroidManifest.xml:36:17-69
72-->[com.google.firebase:firebase-auth:24.0.1] AndroidManifest.xml:36:25-66
73
74                <category android:name="android.intent.category.DEFAULT" />
74-->[com.google.firebase:firebase-auth:24.0.1] AndroidManifest.xml:38:17-76
74-->[com.google.firebase:firebase-auth:24.0.1] AndroidManifest.xml:38:27-73
75                <category android:name="android.intent.category.BROWSABLE" />
75-->[com.google.firebase:firebase-auth:24.0.1] AndroidManifest.xml:39:17-78
75-->[com.google.firebase:firebase-auth:24.0.1] AndroidManifest.xml:39:27-75
76
77                <data
77-->[com.google.firebase:firebase-auth:24.0.1] AndroidManifest.xml:41:17-44:51
78                    android:host="firebase.auth"
78-->[com.google.firebase:firebase-auth:24.0.1] AndroidManifest.xml:42:21-49
79                    android:path="/"
79-->[com.google.firebase:firebase-auth:24.0.1] AndroidManifest.xml:43:21-37
80                    android:scheme="recaptcha" />
80-->[com.google.firebase:firebase-auth:24.0.1] AndroidManifest.xml:44:21-48
81            </intent-filter>
82        </activity>
83
84        <service
84-->[com.google.firebase:firebase-auth:24.0.1] AndroidManifest.xml:66:9-72:19
85            android:name="com.google.firebase.components.ComponentDiscoveryService"
85-->[com.google.firebase:firebase-auth:24.0.1] AndroidManifest.xml:67:13-84
86            android:directBootAware="true"
86-->[com.google.firebase:firebase-common:21.0.0] AndroidManifest.xml:32:13-43
87            android:exported="false" >
87-->[com.google.firebase:firebase-auth:24.0.1] AndroidManifest.xml:68:13-37
88            <meta-data
88-->[com.google.firebase:firebase-auth:24.0.1] AndroidManifest.xml:69:13-71:85
89                android:name="com.google.firebase.components:com.google.firebase.auth.FirebaseAuthRegistrar"
89-->[com.google.firebase:firebase-auth:24.0.1] AndroidManifest.xml:70:17-109
90                android:value="com.google.firebase.components.ComponentRegistrar" />
90-->[com.google.firebase:firebase-auth:24.0.1] AndroidManifest.xml:71:17-82
91            <meta-data
91-->[com.google.firebase:firebase-common:21.0.0] AndroidManifest.xml:35:13-37:85
92                android:name="com.google.firebase.components:com.google.firebase.FirebaseCommonKtxRegistrar"
92-->[com.google.firebase:firebase-common:21.0.0] AndroidManifest.xml:36:17-109
93                android:value="com.google.firebase.components.ComponentRegistrar" />
93-->[com.google.firebase:firebase-common:21.0.0] AndroidManifest.xml:37:17-82
94        </service>
95        <service
95-->[androidx.credentials:credentials-play-services-auth:1.5.0] AndroidManifest.xml:24:9-32:19
96            android:name="androidx.credentials.playservices.CredentialProviderMetadataHolder"
96-->[androidx.credentials:credentials-play-services-auth:1.5.0] AndroidManifest.xml:25:13-94
97            android:enabled="true"
97-->[androidx.credentials:credentials-play-services-auth:1.5.0] AndroidManifest.xml:26:13-35
98            android:exported="false" >
98-->[androidx.credentials:credentials-play-services-auth:1.5.0] AndroidManifest.xml:27:13-37
99            <meta-data
99-->[androidx.credentials:credentials-play-services-auth:1.5.0] AndroidManifest.xml:29:13-31:104
100                android:name="androidx.credentials.CREDENTIAL_PROVIDER_KEY"
100-->[androidx.credentials:credentials-play-services-auth:1.5.0] AndroidManifest.xml:30:17-76
101                android:value="androidx.credentials.playservices.CredentialProviderPlayServicesImpl" />
101-->[androidx.credentials:credentials-play-services-auth:1.5.0] AndroidManifest.xml:31:17-101
102        </service>
103
104        <activity
104-->[androidx.credentials:credentials-play-services-auth:1.5.0] AndroidManifest.xml:34:9-41:20
105            android:name="androidx.credentials.playservices.HiddenActivity"
105-->[androidx.credentials:credentials-play-services-auth:1.5.0] AndroidManifest.xml:35:13-76
106            android:configChanges="orientation|screenSize|screenLayout|keyboardHidden"
106-->[androidx.credentials:credentials-play-services-auth:1.5.0] AndroidManifest.xml:36:13-87
107            android:enabled="true"
107-->[androidx.credentials:credentials-play-services-auth:1.5.0] AndroidManifest.xml:37:13-35
108            android:exported="false"
108-->[androidx.credentials:credentials-play-services-auth:1.5.0] AndroidManifest.xml:38:13-37
109            android:fitsSystemWindows="true"
109-->[androidx.credentials:credentials-play-services-auth:1.5.0] AndroidManifest.xml:39:13-45
110            android:theme="@style/Theme.Hidden" >
110-->[androidx.credentials:credentials-play-services-auth:1.5.0] AndroidManifest.xml:40:13-48
111        </activity>
112        <activity
112-->[androidx.credentials:credentials-play-services-auth:1.5.0] AndroidManifest.xml:42:9-49:20
113            android:name="androidx.credentials.playservices.IdentityCredentialApiHiddenActivity"
113-->[androidx.credentials:credentials-play-services-auth:1.5.0] AndroidManifest.xml:43:13-97
114            android:configChanges="orientation|screenSize|screenLayout|keyboardHidden"
114-->[androidx.credentials:credentials-play-services-auth:1.5.0] AndroidManifest.xml:44:13-87
115            android:enabled="true"
115-->[androidx.credentials:credentials-play-services-auth:1.5.0] AndroidManifest.xml:45:13-35
116            android:exported="false"
116-->[androidx.credentials:credentials-play-services-auth:1.5.0] AndroidManifest.xml:46:13-37
117            android:fitsSystemWindows="true"
117-->[androidx.credentials:credentials-play-services-auth:1.5.0] AndroidManifest.xml:47:13-45
118            android:theme="@style/Theme.Hidden" >
118-->[androidx.credentials:credentials-play-services-auth:1.5.0] AndroidManifest.xml:48:13-48
119        </activity>
120        <activity
120-->[com.google.android.gms:play-services-auth:21.1.1] AndroidManifest.xml:23:9-27:75
121            android:name="com.google.android.gms.auth.api.signin.internal.SignInHubActivity"
121-->[com.google.android.gms:play-services-auth:21.1.1] AndroidManifest.xml:24:13-93
122            android:excludeFromRecents="true"
122-->[com.google.android.gms:play-services-auth:21.1.1] AndroidManifest.xml:25:13-46
123            android:exported="false"
123-->[com.google.android.gms:play-services-auth:21.1.1] AndroidManifest.xml:26:13-37
124            android:theme="@android:style/Theme.Translucent.NoTitleBar" />
124-->[com.google.android.gms:play-services-auth:21.1.1] AndroidManifest.xml:27:13-72
125        <!--
126            Service handling Google Sign-In user revocation. For apps that do not integrate with
127            Google Sign-In, this service will never be started.
128        -->
129        <service
129-->[com.google.android.gms:play-services-auth:21.1.1] AndroidManifest.xml:33:9-37:51
130            android:name="com.google.android.gms.auth.api.signin.RevocationBoundService"
130-->[com.google.android.gms:play-services-auth:21.1.1] AndroidManifest.xml:34:13-89
131            android:exported="true"
131-->[com.google.android.gms:play-services-auth:21.1.1] AndroidManifest.xml:35:13-36
132            android:permission="com.google.android.gms.auth.api.signin.permission.REVOCATION_NOTIFICATION"
132-->[com.google.android.gms:play-services-auth:21.1.1] AndroidManifest.xml:36:13-107
133            android:visibleToInstantApps="true" />
133-->[com.google.android.gms:play-services-auth:21.1.1] AndroidManifest.xml:37:13-48
134
135        <provider
135-->[com.google.firebase:firebase-common:21.0.0] AndroidManifest.xml:23:9-28:39
136            android:name="com.google.firebase.provider.FirebaseInitProvider"
136-->[com.google.firebase:firebase-common:21.0.0] AndroidManifest.xml:24:13-77
137            android:authorities="com.example.latihan.firebaseinitprovider"
137-->[com.google.firebase:firebase-common:21.0.0] AndroidManifest.xml:25:13-72
138            android:directBootAware="true"
138-->[com.google.firebase:firebase-common:21.0.0] AndroidManifest.xml:26:13-43
139            android:exported="false"
139-->[com.google.firebase:firebase-common:21.0.0] AndroidManifest.xml:27:13-37
140            android:initOrder="100" />
140-->[com.google.firebase:firebase-common:21.0.0] AndroidManifest.xml:28:13-36
141
142        <activity
142-->[com.google.android.gms:play-services-base:18.5.0] AndroidManifest.xml:5:9-173
143            android:name="com.google.android.gms.common.api.GoogleApiActivity"
143-->[com.google.android.gms:play-services-base:18.5.0] AndroidManifest.xml:5:19-85
144            android:exported="false"
144-->[com.google.android.gms:play-services-base:18.5.0] AndroidManifest.xml:5:146-170
145            android:theme="@android:style/Theme.Translucent.NoTitleBar" />
145-->[com.google.android.gms:play-services-base:18.5.0] AndroidManifest.xml:5:86-145
146        <activity
146-->[androidx.compose.ui:ui-tooling-android:1.9.2] AndroidManifest.xml:23:9-25:39
147            android:name="androidx.compose.ui.tooling.PreviewActivity"
147-->[androidx.compose.ui:ui-tooling-android:1.9.2] AndroidManifest.xml:24:13-71
148            android:exported="true" />
148-->[androidx.compose.ui:ui-tooling-android:1.9.2] AndroidManifest.xml:25:13-36
149        <activity
149-->[androidx.compose.ui:ui-test-manifest:1.9.2] AndroidManifest.xml:23:9-26:79
150            android:name="androidx.activity.ComponentActivity"
150-->[androidx.compose.ui:ui-test-manifest:1.9.2] AndroidManifest.xml:24:13-63
151            android:exported="true"
151-->[androidx.compose.ui:ui-test-manifest:1.9.2] AndroidManifest.xml:25:13-36
152            android:theme="@android:style/Theme.Material.Light.NoActionBar" />
152-->[androidx.compose.ui:ui-test-manifest:1.9.2] AndroidManifest.xml:26:13-76
153
154        <provider
154-->[androidx.emoji2:emoji2:1.4.0] AndroidManifest.xml:24:9-32:20
155            android:name="androidx.startup.InitializationProvider"
155-->[androidx.emoji2:emoji2:1.4.0] AndroidManifest.xml:25:13-67
156            android:authorities="com.example.latihan.androidx-startup"
156-->[androidx.emoji2:emoji2:1.4.0] AndroidManifest.xml:26:13-68
157            android:exported="false" >
157-->[androidx.emoji2:emoji2:1.4.0] AndroidManifest.xml:27:13-37
158            <meta-data
158-->[androidx.emoji2:emoji2:1.4.0] AndroidManifest.xml:29:13-31:52
159                android:name="androidx.emoji2.text.EmojiCompatInitializer"
159-->[androidx.emoji2:emoji2:1.4.0] AndroidManifest.xml:30:17-75
160                android:value="androidx.startup" />
160-->[androidx.emoji2:emoji2:1.4.0] AndroidManifest.xml:31:17-49
161            <meta-data
161-->[androidx.lifecycle:lifecycle-process:2.10.0] AndroidManifest.xml:29:13-31:52
162                android:name="androidx.lifecycle.ProcessLifecycleInitializer"
162-->[androidx.lifecycle:lifecycle-process:2.10.0] AndroidManifest.xml:30:17-78
163                android:value="androidx.startup" />
163-->[androidx.lifecycle:lifecycle-process:2.10.0] AndroidManifest.xml:31:17-49
164            <meta-data
164-->[androidx.profileinstaller:profileinstaller:1.4.0] AndroidManifest.xml:29:13-31:52
165                android:name="androidx.profileinstaller.ProfileInstallerInitializer"
165-->[androidx.profileinstaller:profileinstaller:1.4.0] AndroidManifest.xml:30:17-85
166                android:value="androidx.startup" />
166-->[androidx.profileinstaller:profileinstaller:1.4.0] AndroidManifest.xml:31:17-49
167        </provider>
168
169        <meta-data
169-->[com.google.android.gms:play-services-basement:18.4.0] AndroidManifest.xml:6:9-122
170            android:name="com.google.android.gms.version"
170-->[com.google.android.gms:play-services-basement:18.4.0] AndroidManifest.xml:6:20-65
171            android:value="@integer/google_play_services_version" />
171-->[com.google.android.gms:play-services-basement:18.4.0] AndroidManifest.xml:6:66-119
172
173        <receiver
173-->[androidx.profileinstaller:profileinstaller:1.4.0] AndroidManifest.xml:34:9-52:20
174            android:name="androidx.profileinstaller.ProfileInstallReceiver"
174-->[androidx.profileinstaller:profileinstaller:1.4.0] AndroidManifest.xml:35:13-76
175            android:directBootAware="false"
175-->[androidx.profileinstaller:profileinstaller:1.4.0] AndroidManifest.xml:36:13-44
176            android:enabled="true"
176-->[androidx.profileinstaller:profileinstaller:1.4.0] AndroidManifest.xml:37:13-35
177            android:exported="true"
177-->[androidx.profileinstaller:profileinstaller:1.4.0] AndroidManifest.xml:38:13-36
178            android:permission="android.permission.DUMP" >
178-->[androidx.profileinstaller:profileinstaller:1.4.0] AndroidManifest.xml:39:13-57
179            <intent-filter>
179-->[androidx.profileinstaller:profileinstaller:1.4.0] AndroidManifest.xml:40:13-42:29
180                <action android:name="androidx.profileinstaller.action.INSTALL_PROFILE" />
180-->[androidx.profileinstaller:profileinstaller:1.4.0] AndroidManifest.xml:41:17-91
180-->[androidx.profileinstaller:profileinstaller:1.4.0] AndroidManifest.xml:41:25-88
181            </intent-filter>
182            <intent-filter>
182-->[androidx.profileinstaller:profileinstaller:1.4.0] AndroidManifest.xml:43:13-45:29
183                <action android:name="androidx.profileinstaller.action.SKIP_FILE" />
183-->[androidx.profileinstaller:profileinstaller:1.4.0] AndroidManifest.xml:44:17-85
183-->[androidx.profileinstaller:profileinstaller:1.4.0] AndroidManifest.xml:44:25-82
184            </intent-filter>
185            <intent-filter>
185-->[androidx.profileinstaller:profileinstaller:1.4.0] AndroidManifest.xml:46:13-48:29
186                <action android:name="androidx.profileinstaller.action.SAVE_PROFILE" />
186-->[androidx.profileinstaller:profileinstaller:1.4.0] AndroidManifest.xml:47:17-88
186-->[androidx.profileinstaller:profileinstaller:1.4.0] AndroidManifest.xml:47:25-85
187            </intent-filter>
188            <intent-filter>
188-->[androidx.profileinstaller:profileinstaller:1.4.0] AndroidManifest.xml:49:13-51:29
189                <action android:name="androidx.profileinstaller.action.BENCHMARK_OPERATION" />
189-->[androidx.profileinstaller:profileinstaller:1.4.0] AndroidManifest.xml:50:17-95
189-->[androidx.profileinstaller:profileinstaller:1.4.0] AndroidManifest.xml:50:25-92
190            </intent-filter>
191        </receiver> <!-- The activities will be merged into the manifest of the hosting app. -->
192        <activity
192-->[com.google.android.play:core-common:2.0.3] AndroidManifest.xml:14:9-18:65
193            android:name="com.google.android.play.core.common.PlayCoreDialogWrapperActivity"
193-->[com.google.android.play:core-common:2.0.3] AndroidManifest.xml:15:13-93
194            android:exported="false"
194-->[com.google.android.play:core-common:2.0.3] AndroidManifest.xml:16:13-37
195            android:stateNotNeeded="true"
195-->[com.google.android.play:core-common:2.0.3] AndroidManifest.xml:17:13-42
196            android:theme="@style/Theme.PlayCore.Transparent" />
196-->[com.google.android.play:core-common:2.0.3] AndroidManifest.xml:18:13-62
197    </application>
198
199</manifest>